<?xml version="1.0" encoding="UTF-8" standalone="no"?>
<testsuite failures="0" name="cucumber.runtime.formatter.JUnitFormatter" skipped="0" tests="1" time="5.629161">
    <testcase classname="Free CRM login feature" name="Free CRM login test scenario" time="5.629161">
        <system-out>
            <![CDATA[Given user is already login page............................................passed
When title of login page is Free CRM........................................passed
Then user enters username user enters password..............................passed
Then user clicks on login button............................................passed
Then user in on home page...................................................passed
Then close the browser......................................................passed
]]>
        </system-out>
    </testcase>
</testsuite>
